This is pdfTeX, Version 3.14159265-2.6-1.40.18 (TeX Live 2017/Debian) (preloaded format=pdflatex 2019.2.12)  3 APR 2019 03:15
entering extended mode
 restricted \write18 enabled.
 %&-line parsing enabled.
**chapter2.tex
(./chapter2.tex
LaTeX2e <2017-04-15>
Babel <3.18> and hyphenation patterns for 3 language(s) loaded.
(/usr/share/texlive/texmf-dist/tex/latex/base/article.cls
Document Class: article 2014/09/29 v1.4h Standard LaTeX document class
(/usr/share/texlive/texmf-dist/tex/latex/base/size10.clo
File: size10.clo 2014/09/29 v1.4h Standard LaTeX file (size option)
)
\c@part=\count79
\c@section=\count80
\c@subsection=\count81
\c@subsubsection=\count82
\c@paragraph=\count83
\c@subparagraph=\count84
\c@figure=\count85
\c@table=\count86
\abovecaptionskip=\skip41
\belowcaptionskip=\skip42
\bibindent=\dimen102
) (/usr/share/texlive/texmf-dist/tex/latex/graphics/graphicx.sty
Package: graphicx 2017/06/01 v1.1a Enhanced LaTeX Graphics (DPC,SPQR)
(/usr/share/texlive/texmf-dist/tex/latex/graphics/keyval.sty
Package: keyval 2014/10/28 v1.15 key=value parser (DPC)
\KV@toks@=\toks14
) (/usr/share/texlive/texmf-dist/tex/latex/graphics/graphics.sty
Package: graphics 2017/06/25 v1.2c Standard LaTeX Graphics (DPC,SPQR)
(/usr/share/texlive/texmf-dist/tex/latex/graphics/trig.sty
Package: trig 2016/01/03 v1.10 sin cos tan (DPC)
) (/usr/share/texlive/texmf-dist/tex/latex/graphics-cfg/graphics.cfg
File: graphics.cfg 2016/06/04 v1.11 sample graphics configuration
)
Package graphics Info: Driver file: pdftex.def on input line 99.
(/usr/share/texlive/texmf-dist/tex/latex/graphics-def/pdftex.def
File: pdftex.def 2018/01/08 v1.0l Graphics/color driver for pdftex
))
\Gin@req@height=\dimen103
\Gin@req@width=\dimen104
) (/usr/share/texlive/texmf-dist/tex/latex/graphics/color.sty
Package: color 2016/07/10 v1.1e Standard LaTeX Color (DPC)
(/usr/share/texlive/texmf-dist/tex/latex/graphics-cfg/color.cfg
File: color.cfg 2016/01/02 v1.6 sample color configuration
)
Package color Info: Driver file: pdftex.def on input line 147.
) (./framed.sty
Package: framed 2011/10/22 v 0.96: framed or shaded text with page breaks
\OuterFrameSep=\skip43
\fb@frw=\dimen105
\fb@frh=\dimen106
\FrameRule=\dimen107
\FrameSep=\dimen108
) (/usr/share/texlive/texmf-dist/tex/latex/base/alltt.sty
Package: alltt 1997/06/16 v2.0g defines alltt environment
) (/usr/share/texlive/texmf-dist/tex/latex/psnfss/mathpazo.sty
Package: mathpazo 2005/04/12 PSNFSS-v9.2a Palatino w/ Pazo Math (D.Puga, WaS) 
\symupright=\mathgroup4
) (/usr/share/texlive/texmf-dist/tex/latex/base/fontenc.sty
Package: fontenc 2017/04/05 v2.0i Standard LaTeX package
(/usr/share/texlive/texmf-dist/tex/latex/base/t1enc.def
File: t1enc.def 2017/04/05 v2.0i Standard LaTeX file
LaTeX Font Info:    Redeclaring font encoding T1 on input line 48.
)) (/usr/share/texlive/texmf-dist/tex/latex/geometry/geometry.sty
Package: geometry 2010/09/12 v5.6 Page Geometry
(/usr/share/texlive/texmf-dist/tex/generic/oberdiek/ifpdf.sty
Package: ifpdf 2017/03/15 v3.2 Provides the ifpdf switch
) (/usr/share/texlive/texmf-dist/tex/generic/oberdiek/ifvtex.sty
Package: ifvtex 2016/05/16 v1.6 Detect VTeX and its facilities (HO)
Package ifvtex Info: VTeX not detected.
) (/usr/share/texlive/texmf-dist/tex/generic/ifxetex/ifxetex.sty
Package: ifxetex 2010/09/12 v0.6 Provides ifxetex conditional
)
\Gm@cnth=\count87
\Gm@cntv=\count88
\c@Gm@tempcnt=\count89
\Gm@bindingoffset=\dimen109
\Gm@wd@mp=\dimen110
\Gm@odd@mp=\dimen111
\Gm@even@mp=\dimen112
\Gm@layoutwidth=\dimen113
\Gm@layoutheight=\dimen114
\Gm@layouthoffset=\dimen115
\Gm@layoutvoffset=\dimen116
\Gm@dimlist=\toks15
) (/usr/share/texlive/texmf-dist/tex/latex/url/url.sty
\Urlmuskip=\muskip10
Package: url 2013/09/16  ver 3.4  Verb mode for urls, etc.
) (/usr/share/texlive/texmf-dist/tex/latex/natbib/natbib.sty
Package: natbib 2010/09/13 8.31b (PWD, AO)
\bibhang=\skip44
\bibsep=\skip45
LaTeX Info: Redefining \cite on input line 694.
\c@NAT@ctr=\count90
) (/usr/share/texlive/texmf-dist/tex/latex/hyperref/hyperref.sty
Package: hyperref 2018/02/06 v6.86b Hypertext links for LaTeX
(/usr/share/texlive/texmf-dist/tex/generic/oberdiek/hobsub-hyperref.sty
Package: hobsub-hyperref 2016/05/16 v1.14 Bundle oberdiek, subset hyperref (HO)

(/usr/share/texlive/texmf-dist/tex/generic/oberdiek/hobsub-generic.sty
Package: hobsub-generic 2016/05/16 v1.14 Bundle oberdiek, subset generic (HO)
Package: hobsub 2016/05/16 v1.14 Construct package bundles (HO)
Package: infwarerr 2016/05/16 v1.4 Providing info/warning/error messages (HO)
Package: ltxcmds 2016/05/16 v1.23 LaTeX kernel commands for general use (HO)
Package: ifluatex 2016/05/16 v1.4 Provides the ifluatex switch (HO)
Package ifluatex Info: LuaTeX not detected.
Package hobsub Info: Skipping package `ifvtex' (already loaded).
Package: intcalc 2016/05/16 v1.2 Expandable calculations with integers (HO)
Package hobsub Info: Skipping package `ifpdf' (already loaded).
Package: etexcmds 2016/05/16 v1.6 Avoid name clashes with e-TeX commands (HO)
Package etexcmds Info: Could not find \expanded.
(etexcmds)             That can mean that you are not using pdfTeX 1.50 or
(etexcmds)             that some package has redefined \expanded.
(etexcmds)             In the latter case, load this package earlier.
Package: kvsetkeys 2016/05/16 v1.17 Key value parser (HO)
Package: kvdefinekeys 2016/05/16 v1.4 Define keys (HO)
Package: pdftexcmds 2018/01/21 v0.26 Utility functions of pdfTeX for LuaTeX (HO
)
Package pdftexcmds Info: LuaTeX not detected.
Package pdftexcmds Info: \pdf@primitive is available.
Package pdftexcmds Info: \pdf@ifprimitive is available.
Package pdftexcmds Info: \pdfdraftmode found.
Package: pdfescape 2016/05/16 v1.14 Implements pdfTeX's escape features (HO)
Package: bigintcalc 2016/05/16 v1.4 Expandable calculations on big integers (HO
)
Package: bitset 2016/05/16 v1.2 Handle bit-vector datatype (HO)
Package: uniquecounter 2016/05/16 v1.3 Provide unlimited unique counter (HO)
)
Package hobsub Info: Skipping package `hobsub' (already loaded).
Package: letltxmacro 2016/05/16 v1.5 Let assignment for LaTeX macros (HO)
Package: hopatch 2016/05/16 v1.3 Wrapper for package hooks (HO)
Package: xcolor-patch 2016/05/16 xcolor patch
Package: atveryend 2016/05/16 v1.9 Hooks at the very end of document (HO)
Package atveryend Info: \enddocument detected (standard20110627).
Package: atbegshi 2016/06/09 v1.18 At begin shipout hook (HO)
Package: refcount 2016/05/16 v3.5 Data extraction from label references (HO)
Package: hycolor 2016/05/16 v1.8 Color options for hyperref/bookmark (HO)
) (/usr/share/texlive/texmf-dist/tex/latex/oberdiek/auxhook.sty
Package: auxhook 2016/05/16 v1.4 Hooks for auxiliary files (HO)
) (/usr/share/texlive/texmf-dist/tex/latex/oberdiek/kvoptions.sty
Package: kvoptions 2016/05/16 v3.12 Key value format for package options (HO)
)
\@linkdim=\dimen117
\Hy@linkcounter=\count91
\Hy@pagecounter=\count92
(/usr/share/texlive/texmf-dist/tex/latex/hyperref/pd1enc.def
File: pd1enc.def 2018/02/06 v6.86b Hyperref: PDFDocEncoding definition (HO)
)
\Hy@SavedSpaceFactor=\count93
(/usr/share/texlive/texmf-dist/tex/latex/latexconfig/hyperref.cfg
File: hyperref.cfg 2002/06/06 v1.2 hyperref configuration of TeXLive
)
Package hyperref Info: Option `unicode' set `true' on input line 4383.
(/usr/share/texlive/texmf-dist/tex/latex/hyperref/puenc.def
File: puenc.def 2018/02/06 v6.86b Hyperref: PDF Unicode definition (HO)
)
Package hyperref Info: Option `pdfusetitle' set `true' on input line 4383.
Package hyperref Info: Option `bookmarks' set `true' on input line 4383.
Package hyperref Info: Option `bookmarksnumbered' set `true' on input line 4383
.
Package hyperref Info: Option `bookmarksopen' set `true' on input line 4383.
Package hyperref Info: Option `breaklinks' set `false' on input line 4383.
Package hyperref Info: Option `colorlinks' set `false' on input line 4383.
Package hyperref Info: Hyper figures OFF on input line 4509.
Package hyperref Info: Link nesting OFF on input line 4514.
Package hyperref Info: Hyper index ON on input line 4517.
Package hyperref Info: Plain pages OFF on input line 4524.
Package hyperref Info: Backreferencing OFF on input line 4529.
Package hyperref Info: Implicit mode ON; LaTeX internals redefined.
Package hyperref Info: Bookmarks ON on input line 4762.
\c@Hy@tempcnt=\count94
LaTeX Info: Redefining \url on input line 5115.
\XeTeXLinkMargin=\dimen118
\Fld@menulength=\count95
\Field@Width=\dimen119
\Fld@charsize=\dimen120
Package hyperref Info: Hyper figures OFF on input line 6369.
Package hyperref Info: Link nesting OFF on input line 6374.
Package hyperref Info: Hyper index ON on input line 6377.
Package hyperref Info: backreferencing OFF on input line 6384.
Package hyperref Info: Link coloring OFF on input line 6389.
Package hyperref Info: Link coloring with OCG OFF on input line 6394.
Package hyperref Info: PDF/A mode OFF on input line 6399.
LaTeX Info: Redefining \ref on input line 6439.
LaTeX Info: Redefining \pageref on input line 6443.
\Hy@abspage=\count96
\c@Item=\count97
\c@Hfootnote=\count98
)
Package hyperref Info: Driver (autodetected): hpdftex.
(/usr/share/texlive/texmf-dist/tex/latex/hyperref/hpdftex.def
File: hpdftex.def 2018/02/06 v6.86b Hyperref driver for pdfTeX
\Fld@listcount=\count99
\c@bookmark@seq@number=\count100
(/usr/share/texlive/texmf-dist/tex/latex/oberdiek/rerunfilecheck.sty
Package: rerunfilecheck 2016/05/16 v1.8 Rerun checks for auxiliary files (HO)
Package uniquecounter Info: New unique counter `rerunfilecheck' on input line 2
82.
)
\Hy@SectionHShift=\skip46
) (/usr/share/texlive/texmf-dist/tex/latex/breakurl/breakurl.sty
Package: breakurl 2013/04/10 v1.40 Breakable hyperref URLs
(/usr/share/texlive/texmf-dist/tex/latex/xkeyval/xkeyval.sty
Package: xkeyval 2014/12/03 v2.7a package option processing (HA)
(/usr/share/texlive/texmf-dist/tex/generic/xkeyval/xkeyval.tex (/usr/share/texl
ive/texmf-dist/tex/generic/xkeyval/xkvutils.tex
\XKV@toks=\toks16
\XKV@tempa@toks=\toks17
)
\XKV@depth=\count101
File: xkeyval.tex 2014/12/03 v2.7a key=value parser (HA)
))

Package breakurl Warning: You are using breakurl while processing via pdflatex.

(breakurl)                \burl will be just a synonym of \url.
(breakurl)                 on input line 48.

)
\@input{newcom.aux}
\openout2 = `newcom.aux'.

(./newcom.tex) (/usr/share/texlive/texmf-dist/tex/latex/upquote/upquote.sty
Package: upquote 2012/04/19 v1.3 upright-quote and grave-accent glyphs in verba
tim
(/usr/share/texlive/texmf-dist/tex/latex/base/textcomp.sty
Package: textcomp 2017/04/05 v2.0i Standard LaTeX package
Package textcomp Info: Sub-encoding information:
(textcomp)               5 = only ISO-Adobe without \textcurrency
(textcomp)               4 = 5 + \texteuro
(textcomp)               3 = 4 + \textohm
(textcomp)               2 = 3 + \textestimated + \textcurrency
(textcomp)               1 = TS1 - \textcircled - \t
(textcomp)               0 = TS1 (full)
(textcomp)             Font families with sub-encoding setting implement
(textcomp)             only a restricted character set as indicated.
(textcomp)             Family '?' is the default used for unknown fonts.
(textcomp)             See the documentation for details.
Package textcomp Info: Setting ? sub-encoding to TS1/1 on input line 79.
(/usr/share/texlive/texmf-dist/tex/latex/base/ts1enc.def
File: ts1enc.def 2001/06/05 v3.0e (jk/car/fm) Standard LaTeX file
)
LaTeX Info: Redefining \oldstylenums on input line 334.
Package textcomp Info: Setting cmr sub-encoding to TS1/0 on input line 349.
Package textcomp Info: Setting cmss sub-encoding to TS1/0 on input line 350.
Package textcomp Info: Setting cmtt sub-encoding to TS1/0 on input line 351.
Package textcomp Info: Setting cmvtt sub-encoding to TS1/0 on input line 352.
Package textcomp Info: Setting cmbr sub-encoding to TS1/0 on input line 353.
Package textcomp Info: Setting cmtl sub-encoding to TS1/0 on input line 354.
Package textcomp Info: Setting ccr sub-encoding to TS1/0 on input line 355.
Package textcomp Info: Setting ptm sub-encoding to TS1/4 on input line 356.
Package textcomp Info: Setting pcr sub-encoding to TS1/4 on input line 357.
Package textcomp Info: Setting phv sub-encoding to TS1/4 on input line 358.
Package textcomp Info: Setting ppl sub-encoding to TS1/3 on input line 359.
Package textcomp Info: Setting pag sub-encoding to TS1/4 on input line 360.
Package textcomp Info: Setting pbk sub-encoding to TS1/4 on input line 361.
Package textcomp Info: Setting pnc sub-encoding to TS1/4 on input line 362.
Package textcomp Info: Setting pzc sub-encoding to TS1/4 on input line 363.
Package textcomp Info: Setting bch sub-encoding to TS1/4 on input line 364.
Package textcomp Info: Setting put sub-encoding to TS1/5 on input line 365.
Package textcomp Info: Setting uag sub-encoding to TS1/5 on input line 366.
Package textcomp Info: Setting ugq sub-encoding to TS1/5 on input line 367.
Package textcomp Info: Setting ul8 sub-encoding to TS1/4 on input line 368.
Package textcomp Info: Setting ul9 sub-encoding to TS1/4 on input line 369.
Package textcomp Info: Setting augie sub-encoding to TS1/5 on input line 370.
Package textcomp Info: Setting dayrom sub-encoding to TS1/3 on input line 371.
Package textcomp Info: Setting dayroms sub-encoding to TS1/3 on input line 372.

Package textcomp Info: Setting pxr sub-encoding to TS1/0 on input line 373.
Package textcomp Info: Setting pxss sub-encoding to TS1/0 on input line 374.
Package textcomp Info: Setting pxtt sub-encoding to TS1/0 on input line 375.
Package textcomp Info: Setting txr sub-encoding to TS1/0 on input line 376.
Package textcomp Info: Setting txss sub-encoding to TS1/0 on input line 377.
Package textcomp Info: Setting txtt sub-encoding to TS1/0 on input line 378.
Package textcomp Info: Setting lmr sub-encoding to TS1/0 on input line 379.
Package textcomp Info: Setting lmdh sub-encoding to TS1/0 on input line 380.
Package textcomp Info: Setting lmss sub-encoding to TS1/0 on input line 381.
Package textcomp Info: Setting lmssq sub-encoding to TS1/0 on input line 382.
Package textcomp Info: Setting lmvtt sub-encoding to TS1/0 on input line 383.
Package textcomp Info: Setting lmtt sub-encoding to TS1/0 on input line 384.
Package textcomp Info: Setting qhv sub-encoding to TS1/0 on input line 385.
Package textcomp Info: Setting qag sub-encoding to TS1/0 on input line 386.
Package textcomp Info: Setting qbk sub-encoding to TS1/0 on input line 387.
Package textcomp Info: Setting qcr sub-encoding to TS1/0 on input line 388.
Package textcomp Info: Setting qcs sub-encoding to TS1/0 on input line 389.
Package textcomp Info: Setting qpl sub-encoding to TS1/0 on input line 390.
Package textcomp Info: Setting qtm sub-encoding to TS1/0 on input line 391.
Package textcomp Info: Setting qzc sub-encoding to TS1/0 on input line 392.
Package textcomp Info: Setting qhvc sub-encoding to TS1/0 on input line 393.
Package textcomp Info: Setting futs sub-encoding to TS1/4 on input line 394.
Package textcomp Info: Setting futx sub-encoding to TS1/4 on input line 395.
Package textcomp Info: Setting futj sub-encoding to TS1/4 on input line 396.
Package textcomp Info: Setting hlh sub-encoding to TS1/3 on input line 397.
Package textcomp Info: Setting hls sub-encoding to TS1/3 on input line 398.
Package textcomp Info: Setting hlst sub-encoding to TS1/3 on input line 399.
Package textcomp Info: Setting hlct sub-encoding to TS1/5 on input line 400.
Package textcomp Info: Setting hlx sub-encoding to TS1/5 on input line 401.
Package textcomp Info: Setting hlce sub-encoding to TS1/5 on input line 402.
Package textcomp Info: Setting hlcn sub-encoding to TS1/5 on input line 403.
Package textcomp Info: Setting hlcw sub-encoding to TS1/5 on input line 404.
Package textcomp Info: Setting hlcf sub-encoding to TS1/5 on input line 405.
Package textcomp Info: Setting pplx sub-encoding to TS1/3 on input line 406.
Package textcomp Info: Setting pplj sub-encoding to TS1/3 on input line 407.
Package textcomp Info: Setting ptmx sub-encoding to TS1/4 on input line 408.
Package textcomp Info: Setting ptmj sub-encoding to TS1/4 on input line 409.
)) (./chapter2.aux)
\openout1 = `chapter2.aux'.

LaTeX Font Info:    Checking defaults for OML/cmm/m/it on input line 71.
LaTeX Font Info:    ... okay on input line 71.
LaTeX Font Info:    Checking defaults for T1/cmr/m/n on input line 71.
LaTeX Font Info:    ... okay on input line 71.
LaTeX Font Info:    Checking defaults for OT1/cmr/m/n on input line 71.
LaTeX Font Info:    ... okay on input line 71.
LaTeX Font Info:    Checking defaults for OMS/cmsy/m/n on input line 71.
LaTeX Font Info:    ... okay on input line 71.
LaTeX Font Info:    Checking defaults for OMX/cmex/m/n on input line 71.
LaTeX Font Info:    ... okay on input line 71.
LaTeX Font Info:    Checking defaults for U/cmr/m/n on input line 71.
LaTeX Font Info:    ... okay on input line 71.
LaTeX Font Info:    Checking defaults for PD1/pdf/m/n on input line 71.
LaTeX Font Info:    ... okay on input line 71.
LaTeX Font Info:    Checking defaults for PU/pdf/m/n on input line 71.
LaTeX Font Info:    ... okay on input line 71.
LaTeX Font Info:    Checking defaults for TS1/cmr/m/n on input line 71.
LaTeX Font Info:    Try loading font information for TS1+cmr on input line 71.
(/usr/share/texlive/texmf-dist/tex/latex/base/ts1cmr.fd
File: ts1cmr.fd 2014/09/29 v2.5h Standard LaTeX font definitions
)
LaTeX Font Info:    ... okay on input line 71.
LaTeX Font Info:    Try loading font information for T1+pplx on input line 71.
(/usr/share/texlive/texmf-dist/tex/latex/psnfss/t1pplx.fd
File: t1pplx.fd 2004/09/06 font definitions for T1/pplx.
) (/usr/share/texlive/texmf-dist/tex/context/base/mkii/supp-pdf.mkii
[Loading MPS to PDF converter (version 2006.09.02).]
\scratchcounter=\count102
\scratchdimen=\dimen121
\scratchbox=\box26
\nofMPsegments=\count103
\nofMParguments=\count104
\everyMPshowfont=\toks18
\MPscratchCnt=\count105
\MPscratchDim=\dimen122
\MPnumerator=\count106
\makeMPintoPDFobject=\count107
\everyMPtoPDFconversion=\toks19
) (/usr/share/texlive/texmf-dist/tex/latex/oberdiek/epstopdf-base.sty
Package: epstopdf-base 2016/05/15 v2.6 Base part for package epstopdf
(/usr/share/texlive/texmf-dist/tex/latex/oberdiek/grfext.sty
Package: grfext 2016/05/16 v1.2 Manage graphics extensions (HO)
)
Package epstopdf-base Info: Redefining graphics rule for `.eps' on input line 4
38.
Package grfext Info: Graphics extension search list:
(grfext)             [.pdf,.png,.jpg,.mps,.jpeg,.jbig2,.jb2,.PDF,.PNG,.JPG,.JPE
G,.JBIG2,.JB2,.eps]
(grfext)             \AppendGraphicsExtensions on input line 456.
(/usr/share/texlive/texmf-dist/tex/latex/latexconfig/epstopdf-sys.cfg
File: epstopdf-sys.cfg 2010/07/13 v1.3 Configuration of (r)epstopdf for TeX Liv
e
))
\big@size=\dimen123
*geometry* driver: auto-detecting
*geometry* detected driver: pdftex

Package geometry Warning: The marginal notes overrun the paper.
     Add 4.86812pt and more to the right margin.

*geometry* verbose mode - [ preamble ] result:
* driver: pdftex
* paper: <default>
* layout: <same size as paper>
* layoutoffset:(h,v)=(0.0pt,0.0pt)
* modes: 
* h-part:(L,W,R)=(71.13188pt, 472.03123pt, 71.13188pt)
* v-part:(T,H,B)=(71.13188pt, 652.70622pt, 71.13188pt)
* \paperwidth=614.295pt
* \paperheight=794.96999pt
* \textwidth=472.03123pt
* \textheight=652.70622pt
* \oddsidemargin=-1.1381pt
* \evensidemargin=-1.1381pt
* \topmargin=-38.1381pt
* \headheight=12.0pt
* \headsep=25.0pt
* \topskip=10.0pt
* \footskip=30.0pt
* \marginparwidth=65.0pt
* \marginparsep=11.0pt
* \columnsep=10.0pt
* \skip\footins=9.0pt plus 4.0pt minus 2.0pt
* \hoffset=0.0pt
* \voffset=0.0pt
* \mag=1000
* \@twocolumnfalse
* \@twosidefalse
* \@mparswitchfalse
* \@reversemarginfalse
* (1in=72.27pt=25.4mm, 1cm=28.453pt)

\AtBeginShipoutBox=\box27
Package hyperref Info: Link coloring OFF on input line 71.
(/usr/share/texlive/texmf-dist/tex/latex/hyperref/nameref.sty
Package: nameref 2016/05/21 v2.44 Cross-referencing by name of section
(/usr/share/texlive/texmf-dist/tex/generic/oberdiek/gettitlestring.sty
Package: gettitlestring 2016/05/16 v1.5 Cleanup title references (HO)
)
\c@section@level=\count108
)
LaTeX Info: Redefining \ref on input line 71.
LaTeX Info: Redefining \pageref on input line 71.
LaTeX Info: Redefining \nameref on input line 71.
(./chapter2.out) (./chapter2.out)
\@outlinefile=\write3
\openout3 = `chapter2.out'.

LaTeX Font Info:    Try loading font information for OT1+pplx on input line 79.

(/usr/share/texlive/texmf-dist/tex/latex/psnfss/ot1pplx.fd
File: ot1pplx.fd 2004/09/06 font definitions for OT1/pplx.
)
LaTeX Font Info:    Try loading font information for OML+zplm on input line 79.

(/usr/share/texlive/texmf-dist/tex/latex/psnfss/omlzplm.fd
File: omlzplm.fd 2002/09/08 Fontinst v1.914 font definitions for OML/zplm.
)
LaTeX Font Info:    Try loading font information for OMS+zplm on input line 79.

(/usr/share/texlive/texmf-dist/tex/latex/psnfss/omszplm.fd
File: omszplm.fd 2002/09/08 Fontinst v1.914 font definitions for OMS/zplm.
)
LaTeX Font Info:    Try loading font information for OMX+zplm on input line 79.

(/usr/share/texlive/texmf-dist/tex/latex/psnfss/omxzplm.fd
File: omxzplm.fd 2002/09/08 Fontinst v1.914 font definitions for OMX/zplm.
)
LaTeX Font Info:    Try loading font information for OT1+zplm on input line 79.

(/usr/share/texlive/texmf-dist/tex/latex/psnfss/ot1zplm.fd
File: ot1zplm.fd 2002/09/08 Fontinst v1.914 font definitions for OT1/zplm.
)
LaTeX Font Info:    Try loading font information for T1+cmss on input line 87.
(/usr/share/texlive/texmf-dist/tex/latex/base/t1cmss.fd
File: t1cmss.fd 2014/09/29 v2.5h Standard LaTeX font definitions
)
LaTeX Font Info:    Font shape `T1/pplx/bx/n' in size <10> not available
(Font)              Font shape `T1/pplx/b/n' tried instead on input line 109.

Package natbib Warning: Citation `patterson2008state' on page 1 undefined on in
put line 109.


Package natbib Warning: Citation `breedthesis' on page 1 undefined on input lin
e 110.

LaTeX Font Info:    Font shape `T1/pplx/bx/n' in size <14.4> not available
(Font)              Font shape `T1/pplx/b/n' tried instead on input line 138.

Package natbib Warning: Citation `patterson2010using' on page 1 undefined on in
put line 144.


Package natbib Warning: Citation `R' on page 1 undefined on input line 160.

LaTeX Font Info:    Try loading font information for T1+cmtt on input line 163.

(/usr/share/texlive/texmf-dist/tex/latex/base/t1cmtt.fd
File: t1cmtt.fd 2014/09/29 v2.5h Standard LaTeX font definitions
) [1



{/var/lib/texmf/fonts/map/pdftex/updmap/pdftex.map}]
Package color Info: Redefining color shadecolor on input line 228.
<figure/minimal-unnamed-chunk-2-1.pdf, id=112, 505.89pt x 505.89pt>
File: figure/minimal-unnamed-chunk-2-1.pdf Graphic file (type pdf)
<use figure/minimal-unnamed-chunk-2-1.pdf>
Package pdftex.def Info: figure/minimal-unnamed-chunk-2-1.pdf  used on input li
ne 230.
(pdftex.def)             Requested size: 472.03123pt x 472.03983pt.
[2] [3 <./figure/minimal-unnamed-chunk-2-1.pdf>]
LaTeX Font Info:    Font shape `T1/pplx/bx/n' in size <12> not available
(Font)              Font shape `T1/pplx/b/n' tried instead on input line 320.

Package natbib Warning: Citation `Cooke2004' on page 4 undefined on input line 
345.


Package natbib Warning: Citation `WGSK02' on page 4 undefined on input line 345
.


Package natbib Warning: Citation `Kenward:VHF' on page 4 undefined on input lin
e 346.


Package natbib Warning: Citation `argosfilter' on page 4 undefined on input lin
e 406.

[4]

Package natbib Warning: Citation `calenge2009concept' on page 5 undefined on in
put line 431.


Package natbib Warning: Citation `chambers1998programming' on page 5 undefined 
on input line 442.

[5]

Package natbib Warning: Citation `maindonald2007data' on page 6 undefined on in
put line 515.


Package natbib Warning: Citation `googearth' on page 6 undefined on input line 
537.

[6]

Package natbib Warning: Citation `hebblewhite2010distinguishing' on page 7 unde
fined on input line 610.


Package natbib Warning: Citation `geojson' on page 7 undefined on input line 61
6.


Package natbib Warning: Citation `beegle-pelagic' on page 7 undefined on input 
line 616.


Package natbib Warning: Citation `pauly-keeping' on page 7 undefined on input l
ine 616.


Package natbib Warning: Citation `anderson2010voyager' on page 7 undefined on i
nput line 616.


Package natbib Warning: Citation `fledermaus' on page 7 undefined on input line
 616.


Overfull \hbox (5.75847pt too wide) in paragraph at lines 787--789
[]\T1/pplx/m/n/10 Paths com-posed of too few po-si-tions, in-con-sis-tent mo-ti
on and as-sump-tions about straight
 []


Package natbib Warning: Citation `breedthesis' on page 7 undefined on input lin
e 799.


Package natbib Warning: Citation `patterson2008state' on page 7 undefined on in
put line 799.

[7]

Package natbib Warning: Citation `MCF92' on page 8 undefined on input line 861.



Package natbib Warning: Citation `Argos:MAN' on page 8 undefined on input line 
907.


Package natbib Warning: Citation `Argos:MAN' on page 8 undefined on input line 
916.


Package natbib Warning: Citation `Vincent2002' on page 8 undefined on input lin
e 918.

[8]
Package color Info: Redefining color shadecolor on input line 934.
<figure/minimal-unnamed-chunk-3-1.pdf, id=173, 505.89pt x 505.89pt>
File: figure/minimal-unnamed-chunk-3-1.pdf Graphic file (type pdf)
<use figure/minimal-unnamed-chunk-3-1.pdf>
Package pdftex.def Info: figure/minimal-unnamed-chunk-3-1.pdf  used on input li
ne 936.
(pdftex.def)             Requested size: 472.03123pt x 472.03983pt.

Package natbib Warning: Citation `MCF92' on page 9 undefined on input line 967.


Package color Info: Redefining color shadecolor on input line 995.
<figure/minimal-unnamed-chunk-4-1.pdf, id=175, 505.89pt x 505.89pt>
File: figure/minimal-unnamed-chunk-4-1.pdf Graphic file (type pdf)
<use figure/minimal-unnamed-chunk-4-1.pdf>
Package pdftex.def Info: figure/minimal-unnamed-chunk-4-1.pdf  used on input li
ne 997.
(pdftex.def)             Requested size: 472.03123pt x 472.03983pt.

Package natbib Warning: Citation `freitas2008simple' on page 9 undefined on inp
ut line 1023.


Package natbib Warning: Citation `douglasfilter' on page 9 undefined on input l
ine 1029.


Package natbib Warning: Citation `Taylor:BIRD' on page 9 undefined on input lin
e 1029.


Package natbib Warning: Citation `AMB2' on page 9 undefined on input line 1029.



Package natbib Warning: Citation `diveMove' on page 9 undefined on input line 1
031.


Package natbib Warning: Citation `freitas2008simple' on page 9 undefined on inp
ut line 1031.


Package natbib Warning: Citation `MCF92' on page 9 undefined on input line 1032
.


Package natbib Warning: Citation `freitas2008simple' on page 9 undefined on inp
ut line 1032.


Package natbib Warning: Citation `Argos:MAN' on page 9 undefined on input line 
1039.


Package natbib Warning: Citation `douglasfilter' on page 9 undefined on input l
ine 1040.


Package natbib Warning: Citation `BM02' on page 9 undefined on input line 1081.



Package natbib Warning: Citation `TSF06' on page 9 undefined on input line 1082
.


Package natbib Warning: Citation `roughpenalty' on page 9 undefined on input li
ne 1084.

[9] [10 <./figure/minimal-unnamed-chunk-3-1.pdf>] [11 <./figure/minimal-unnamed
-chunk-4-1.pdf>]

Package natbib Warning: Citation `roughpenalty' on page 12 undefined on input l
ine 1107.

Package color Info: Redefining color shadecolor on input line 1175.
<figure/minimal-unnamed-chunk-5-1.pdf, id=208, 505.89pt x 505.89pt>
File: figure/minimal-unnamed-chunk-5-1.pdf Graphic file (type pdf)
<use figure/minimal-unnamed-chunk-5-1.pdf>
Package pdftex.def Info: figure/minimal-unnamed-chunk-5-1.pdf  used on input li
ne 1177.
(pdftex.def)             Requested size: 472.03123pt x 472.03983pt.
Package color Info: Redefining color shadecolor on input line 1194.
<figure/minimal-unnamed-chunk-6-1.pdf, id=209, 505.89pt x 505.89pt>
File: figure/minimal-unnamed-chunk-6-1.pdf Graphic file (type pdf)
<use figure/minimal-unnamed-chunk-6-1.pdf>
Package pdftex.def Info: figure/minimal-unnamed-chunk-6-1.pdf  used on input li
ne 1196.
(pdftex.def)             Requested size: 472.03123pt x 472.03983pt.

Package natbib Warning: Citation `BHMS02' on page 12 undefined on input line 12
82.


Package natbib Warning: Citation `simonoff1996smoothing' on page 12 undefined o
n input line 1286.


Package natbib Warning: Citation `silverman1998density' on page 12 undefined on
 input line 1286.

[12] [13 <./figure/minimal-unnamed-chunk-5-1.pdf>] [14 <./figure/minimal-unname
d-chunk-6-1.pdf>]

Package natbib Warning: Citation `simonoff1996smoothing' on page 15 undefined o
n input line 1310.

Package color Info: Redefining color shadecolor on input line 1345.
<figure/minimal-unnamed-chunk-7-1.pdf, id=242, 505.89pt x 505.89pt>
File: figure/minimal-unnamed-chunk-7-1.pdf Graphic file (type pdf)
<use figure/minimal-unnamed-chunk-7-1.pdf>
Package pdftex.def Info: figure/minimal-unnamed-chunk-7-1.pdf  used on input li
ne 1347.
(pdftex.def)             Requested size: 472.03123pt x 472.03983pt.

Package natbib Warning: Citation `BHMS02' on page 15 undefined on input line 13
74.


Package natbib Warning: Citation `burns2004winter' on page 15 undefined on inpu
t line 1375.


Package natbib Warning: Citation `BHMS02' on page 15 undefined on input line 13
75.

Package color Info: Redefining color shadecolor on input line 1384.
<figure/minimal-unnamed-chunk-8-1.pdf, id=244, 505.89pt x 505.89pt>
File: figure/minimal-unnamed-chunk-8-1.pdf Graphic file (type pdf)
<use figure/minimal-unnamed-chunk-8-1.pdf>
Package pdftex.def Info: figure/minimal-unnamed-chunk-8-1.pdf  used on input li
ne 1386.
(pdftex.def)             Requested size: 472.03123pt x 472.03983pt.
[15] [16 <./figure/minimal-unnamed-chunk-7-1.pdf>] [17 <./figure/minimal-unname
d-chunk-8-1.pdf>]

Package natbib Warning: Citation `Taylor:BIRD' on page 18 undefined on input li
ne 1428.


Package natbib Warning: Citation `simmons2007linking' on page 18 undefined on i
nput line 1439.


Package natbib Warning: Citation `Pinaud2007' on page 18 undefined on input lin
e 1440.

<figures/3Dplots-coarseGRIDvsKDE.png, id=280, 1015.795pt x 502.87875pt>
File: figures/3Dplots-coarseGRIDvsKDE.png Graphic file (type png)
<use figures/3Dplots-coarseGRIDvsKDE.png>
Package pdftex.def Info: figures/3Dplots-coarseGRIDvsKDE.png  used on input lin
e 1482.
(pdftex.def)             Requested size: 1015.79253pt x 502.87752pt.

Overfull \hbox (543.76129pt too wide) in paragraph at lines 1482--1483
 [] 
 []

<figures/3Dplots-fineGRIDvsKDE.png, id=281, 1017.8025pt x 502.87875pt>
File: figures/3Dplots-fineGRIDvsKDE.png Graphic file (type png)
<use figures/3Dplots-fineGRIDvsKDE.png>
Package pdftex.def Info: figures/3Dplots-fineGRIDvsKDE.png  used on input line 
1496.
(pdftex.def)             Requested size: 1017.80003pt x 502.87752pt.

Overfull \hbox (545.7688pt too wide) in paragraph at lines 1496--1497
 [] 
 []


Package natbib Warning: Citation `thums2008tracking' on page 18 undefined on in
put line 1510.


Package natbib Warning: Citation `keating2009modeling' on page 18 undefined on 
input line 1535.


LaTeX Warning: Reference `chapter5' on page 18 undefined on input line 1538.


Package natbib Warning: Citation `Gudmundsson1998' on page 18 undefined on inpu
t line 1982.

LaTeX Font Info:    Font shape `T1/pplx/bx/n' in size <8> not available
(Font)              Font shape `T1/pplx/b/n' tried instead on input line 1989.

Package natbib Warning: Citation `rgdal' on page 18 undefined on input line 198
9.


Package natbib Warning: Citation `geosphere' on page 18 undefined on input line
 1989.


Package natbib Warning: Citation `Banerjee2004' on page 18 undefined on input l
ine 1994.


Package natbib Warning: Citation `rgdal' on page 18 undefined on input line 200
2.


Package natbib Warning: Citation `evenden1990cartographic' on page 18 undefined
 on input line 2005.

Package color Info: Redefining color shadecolor on input line 2047.
<figure/minimal-unnamed-chunk-9-1.pdf, id=287, 505.89pt x 505.89pt>
File: figure/minimal-unnamed-chunk-9-1.pdf Graphic file (type pdf)
<use figure/minimal-unnamed-chunk-9-1.pdf>
Package pdftex.def Info: figure/minimal-unnamed-chunk-9-1.pdf  used on input li
ne 2049.
(pdftex.def)             Requested size: 472.03123pt x 472.03983pt.
[18] [19 <./figures/3Dplots-coarseGRIDvsKDE.png (PNG copy)>] [20 <./figures/3Dp
lots-fineGRIDvsKDE.png (PNG copy)>] [21 <./figure/minimal-unnamed-chunk-9-1.pdf
>]
Package color Info: Redefining color shadecolor on input line 2077.
<figure/minimal-unnamed-chunk-10-1.pdf, id=316, 505.89pt x 505.89pt>
File: figure/minimal-unnamed-chunk-10-1.pdf Graphic file (type pdf)
<use figure/minimal-unnamed-chunk-10-1.pdf>
Package pdftex.def Info: figure/minimal-unnamed-chunk-10-1.pdf  used on input l
ine 2079.
(pdftex.def)             Requested size: 472.03123pt x 472.03983pt.

Package natbib Warning: Citation `jonsen86rss' on page 22 undefined on input li
ne 2100.


Package natbib Warning: Citation `patterson2010using' on page 22 undefined on i
nput line 2100.


Package natbib Warning: Citation `chambers2008software' on page 22 undefined on
 input line 2136.


Package natbib Warning: Citation `sp' on page 22 undefined on input line 2141.


Package natbib Warning: Citation `sp' on page 22 undefined on input line 2142.


Package natbib Warning: Citation `asdar' on page 22 undefined on input line 214
2.


Package natbib Warning: Citation `asdar' on page 22 undefined on input line 218
5.


Package natbib Warning: Citation `spatstat' on page 22 undefined on input line 
2198.


Package natbib Warning: Citation `maptools' on page 22 undefined on input line 
2198.

[22] [23 <./figure/minimal-unnamed-chunk-10-1.pdf>]
Package color Info: Redefining color shadecolor on input line 2218.
LaTeX Font Info:    Font shape `T1/cmtt/bx/n' in size <10> not available
(Font)              Font shape `T1/cmtt/m/n' tried instead on input line 2223.

Overfull \hbox (24.50928pt too wide) in paragraph at lines 2244--2250
[]\T1/pplx/m/n/10 The dates and times in this ob-ject are still just text from 
the file, so these are con-verted to the \T1/cmtt/m/n/10 DateTimeClasses
 []

Package color Info: Redefining color shadecolor on input line 2261.
Package color Info: Redefining color shadecolor on input line 2268.
Package color Info: Redefining color shadecolor on input line 2275.

Package natbib Warning: Citation `terauds2006foraging' on page 24 undefined on 
input line 2299.

Package color Info: Redefining color shadecolor on input line 2304.
[24]
Overfull \hbox (152.56624pt too wide) in paragraph at lines 2308--2308
[][]\T1/cmtt/m/n/10 argosfiles[] []<-[] []list.files[][]([][]path[] []=[] []"G:
/DATA/tracks/blackBrowed/"[][],[] []pattern[] []=[] []".dat"[][],[] []full.name
s[] []=[] []TRUE[][],[] []ignore.case[] []=[] []TRUE[][])[][] 
 []

Package color Info: Redefining color shadecolor on input line 2363.
Package color Info: Redefining color shadecolor on input line 2376.
[25]
Package color Info: Redefining color shadecolor on input line 2402.
Package color Info: Redefining color shadecolor on input line 2422.
Package color Info: Redefining color shadecolor on input line 2453.
Package color Info: Redefining color shadecolor on input line 2464.

Package natbib Warning: Citation `BHMS02' on page 26 undefined on input line 24
90.


Package natbib Warning: Citation `MCF92' on page 26 undefined on input line 249
2.

Package color Info: Redefining color shadecolor on input line 2495.
[26] [27]
Package color Info: Redefining color shadecolor on input line 2571.
<figure/minimal-unnamed-chunk-23-1.pdf, id=362, 505.89pt x 505.89pt>
File: figure/minimal-unnamed-chunk-23-1.pdf Graphic file (type pdf)
<use figure/minimal-unnamed-chunk-23-1.pdf>
Package pdftex.def Info: figure/minimal-unnamed-chunk-23-1.pdf  used on input l
ine 2580.
(pdftex.def)             Requested size: 472.03123pt x 472.03983pt.

Package natbib Warning: Citation `freitas2008simple' on page 28 undefined on in
put line 2604.


Package natbib Warning: Citation `argosfilter' on page 28 undefined on input li
ne 2608.

Package color Info: Redefining color shadecolor on input line 2612.
Package color Info: Redefining color shadecolor on input line 2632.
Package color Info: Redefining color shadecolor on input line 2663.
[28] [29 <./figure/minimal-unnamed-chunk-23-1.pdf>]
Package color Info: Redefining color shadecolor on input line 2692.
Package color Info: Redefining color shadecolor on input line 2706.
Package color Info: Redefining color shadecolor on input line 2717.
Package color Info: Redefining color shadecolor on input line 2745.
[30]
Package color Info: Redefining color shadecolor on input line 2776.
Package color Info: Redefining color shadecolor on input line 2823.
<figure/minimal-unnamed-chunk-33-1.pdf, id=382, 505.89pt x 505.89pt>
File: figure/minimal-unnamed-chunk-33-1.pdf Graphic file (type pdf)
<use figure/minimal-unnamed-chunk-33-1.pdf>
Package pdftex.def Info: figure/minimal-unnamed-chunk-33-1.pdf  used on input l
ine 2825.
(pdftex.def)             Requested size: 472.03123pt x 472.03983pt.
Package color Info: Redefining color shadecolor on input line 2866.
<figure/minimal-unnamed-chunk-35-1.pdf, id=384, 505.89pt x 505.89pt>
File: figure/minimal-unnamed-chunk-35-1.pdf Graphic file (type pdf)
<use figure/minimal-unnamed-chunk-35-1.pdf>
Package pdftex.def Info: figure/minimal-unnamed-chunk-35-1.pdf  used on input l
ine 2873.
(pdftex.def)             Requested size: 472.03123pt x 472.03983pt.
[31] [32 <./figure/minimal-unnamed-chunk-33-1.pdf>] [33 <./figure/minimal-unnam
ed-chunk-35-1.pdf>]
Package color Info: Redefining color shadecolor on input line 2913.
LaTeX Font Info:    Try loading font information for TS1+cmtt on input line 291
5.
(/usr/share/texlive/texmf-dist/tex/latex/base/ts1cmtt.fd
File: ts1cmtt.fd 2014/09/29 v2.5h Standard LaTeX font definitions
)
Package color Info: Redefining color shadecolor on input line 2933.
<figure/minimal-unnamed-chunk-38-1.pdf, id=419, 505.89pt x 505.89pt>
File: figure/minimal-unnamed-chunk-38-1.pdf Graphic file (type pdf)
<use figure/minimal-unnamed-chunk-38-1.pdf>
Package pdftex.def Info: figure/minimal-unnamed-chunk-38-1.pdf  used on input l
ine 2942.
(pdftex.def)             Requested size: 472.03123pt x 472.03983pt.
Package color Info: Redefining color shadecolor on input line 2987.
<figure/minimal-unnamed-chunk-39-1.pdf, id=421, 505.89pt x 505.89pt>
File: figure/minimal-unnamed-chunk-39-1.pdf Graphic file (type pdf)
<use figure/minimal-unnamed-chunk-39-1.pdf>
Package pdftex.def Info: figure/minimal-unnamed-chunk-39-1.pdf  used on input l
ine 2989.
(pdftex.def)             Requested size: 472.03123pt x 472.03983pt.
Package color Info: Redefining color shadecolor on input line 3000.
<figure/minimal-unnamed-chunk-40-1.pdf, id=422, 505.89pt x 505.89pt>
File: figure/minimal-unnamed-chunk-40-1.pdf Graphic file (type pdf)
<use figure/minimal-unnamed-chunk-40-1.pdf>
Package pdftex.def Info: figure/minimal-unnamed-chunk-40-1.pdf  used on input l
ine 3021.
(pdftex.def)             Requested size: 472.03123pt x 472.03983pt.

LaTeX Warning: Float too large for page by 70.32802pt on input line 3033.

[34] [35 <./figure/minimal-unnamed-chunk-38-1.pdf>]

Package natbib Warning: Citation `Taylor:BIRD' on page 36 undefined on input li
ne 3048.


Package natbib Warning: Citation `BHMS02' on page 36 undefined on input line 30
48.

[36 <./figure/minimal-unnamed-chunk-39-1.pdf>] [37 <./figure/minimal-unnamed-ch
unk-40-1.pdf>]

LaTeX Warning: Reference `chapter3' on page 38 undefined on input line 3157.


Package natbib Warning: Citation `M01' on page 38 undefined on input line 3158.



Package natbib Warning: Citation `HB01' on page 38 undefined on input line 3166
.


Package natbib Warning: Citation `Ekstrom' on page 38 undefined on input line 3
166.


Package natbib Warning: Citation `Welch1999' on page 38 undefined on input line
 3166.

[38]
<figures/gunnArchival.png, id=466, 412.54124pt x 429.605pt>
File: figures/gunnArchival.png Graphic file (type png)
<use figures/gunnArchival.png>
Package pdftex.def Info: figures/gunnArchival.png  used on input line 3197.
(pdftex.def)             Requested size: 341.43306pt x 355.56255pt.

Package natbib Warning: Citation `Gunn:GEOL' on page 39 undefined on input line
 3201.


Package natbib Warning: Citation `Gunn:GEOL' on page 39 undefined on input line
 3201.


Package natbib Warning: Citation `Argos:MAN' on page 39 undefined on input line
 3223.

[39 <./figures/gunnArchival.png (PNG copy)>]

LaTeX Warning: Reference `chapter3' on page 40 undefined on input line 3237.


LaTeX Warning: Reference `chapter5' on page 40 undefined on input line 3240.


Package natbib Warning: There were undefined citations.

Package atveryend Info: Empty hook `BeforeClearDocument' on input line 3279.
[40]
Package atveryend Info: Empty hook `AfterLastShipout' on input line 3279.
(./chapter2.aux)
Package atveryend Info: Executing hook `AtVeryEndDocument' on input line 3279.
Package atveryend Info: Executing hook `AtEndAfterFileList' on input line 3279.

Package rerunfilecheck Info: File `chapter2.out' has not changed.
(rerunfilecheck)             Checksum: 279E8622BE514107A2F301DD04875796;4819.

LaTeX Warning: There were undefined references.

Package atveryend Info: Empty hook `AtVeryVeryEnd' on input line 3279.
 ) 
Here is how much of TeX's memory you used:
 10456 strings out of 494923
 149810 string characters out of 6180742
 216881 words of memory out of 5000000
 13510 multiletter control sequences out of 15000+600000
 57198 words of font info for 107 fonts, out of 8000000 for 9000
 14 hyphenation exceptions out of 8191
 30i,8n,37p,610b,372s stack positions out of 5000i,500n,10000p,200000b,80000s
 </perm_storage/home/mdsumner/.texlive2017/texmf-var/fonts/pk/ljfour/jknappen
/ec/tctt1000.600pk> </perm_storage/home/mdsumner/.texlive2017/texmf-var/fonts/p
k/ljfour/jknappen/ec/ecit1000.600pk> </perm_storage/home/mdsumner/.texlive2017/
texmf-var/fonts/pk/ljfour/jknappen/ec/ectt0800.600pk> </perm_storage/home/mdsum
ner/.texlive2017/texmf-var/fonts/pk/ljfour/jknappen/ec/ectt1000.600pk>{/usr/sha
re/texlive/texmf-dist/fonts/enc/dvips/base/8r.enc} </perm_storage/home/mdsumner
/.texlive2017/texmf-var/fonts/pk/ljfour/jknappen/ec/ecsx1440.600pk> </perm_stor
age/home/mdsumner/.texlive2017/texmf-var/fonts/pk/ljfour/jknappen/ec/ecss1000.6
00pk></usr/share/texlive/texmf-dist/fonts/type1/public/amsfonts/cm/cmr10.pfb></
usr/share/texlive/texmf-dist/fonts/type1/public/amsfonts/cm/cmsy10.pfb></usr/sh
are/texlive/texmf-dist/fonts/type1/public/mathpazo/fplmr.pfb></usr/share/texliv
e/texmf-dist/fonts/type1/public/mathpazo/fplmri.pfb></usr/share/texlive/texmf-d
ist/fonts/type1/urw/palatino/uplb8a.pfb></usr/share/texlive/texmf-dist/fonts/ty
pe1/urw/palatino/uplr8a.pfb></usr/share/texlive/texmf-dist/fonts/type1/urw/pala
tino/uplri8a.pfb>
Output written on chapter2.pdf (40 pages, 1445118 bytes).
PDF statistics:
 727 PDF objects out of 1000 (max. 8388607)
 457 compressed objects within 5 object streams
 103 named destinations out of 1000 (max. 500000)
 267 words of extra memory for PDF output out of 10000 (max. 10000000)

